<?xml version="1.0" encoding="UTF-8"?>
<!-- Generated by org.testng.reporters.JUnitXMLReporter -->
<testsuite ignored="4" hostname="LTIN186656" failures="0" tests="20" name="Test" time="266.562" errors="0" timestamp="2024-02-26T15:31:14 IST">
  <testcase classname="testCases.TestCase_001_StudentInsuranceNavigation" name="VerifyInsurance" time="41.232"/>
  <testcase classname="testCases.TestCase_001_StudentInsuranceNavigation" name="EnterDetails1" time="1.841"/>
  <testcase classname="testCases.TestCase_001_StudentInsuranceNavigation" name="EnterDetails2" time="8.597"/>
  <testcase classname="testCases.TestCase_001_StudentInsuranceNavigation" name="EnterDetails3" time="0.488"/>
  <testcase classname="testCases.TestCase_001_StudentInsuranceNavigation" name="EnterDetails4" time="1.133"/>
  <testcase classname="testCases.TestCase_001_StudentInsuranceNavigation" name="EnterDetails5" time="3.687"/>
  <testcase classname="testCases.TestCase_001_StudentInsuranceNavigation" name="EnterDetails6" time="4.065"/>
  <testcase classname="testCases.TestCase_001_StudentInsuranceNavigation" name="EnterDetails7" time="0.247"/>
  <testcase classname="testCases.TestCase_001_StudentInsuranceNavigation" name="EnterDetails8" time="4.133"/>
  <testcase classname="testCases.TestCase_001_StudentInsuranceNavigation" name="InsurancePlans" time="1.912"/>
  <testcase classname="testCases.TestCase_002_CarInsurance" name="NavigatingBack" time="39.904"/>
  <testcase classname="testCases.TestCase_002_CarInsurance" name="CarInsurancePage" time="46.216"/>
  <testcase classname="testCases.TestCase_002_CarInsurance" name="CarInsurancePage2" time="4.164"/>
  <testcase classname="testCases.TestCase_002_CarInsurance" name="CarInsurancePage3" time="4.216"/>
  <testcase classname="testCases.TestCase_002_CarInsurance" name="CarInsurancePage4" time="4.213"/>
  <testcase classname="testCases.TestCase_002_CarInsurance" name="displayErrorMessage" time="4.239"/>
  <testcase classname="testCases.TestCase_002_CarInsurance" name="displayErrorMessage2" time="4.574"/>
  <testcase classname="testCases.TestCase_003_HealthInsurance" name="NavigateHome" time="39.786"/>
  <testcase classname="testCases.TestCase_003_HealthInsurance" name="HealthInsurancePage" time="0.077"/>
  <testcase classname="testCases.TestCase_003_HealthInsurance" name="DisplayList" time="1.191"/>
  <testcase classname="testCases.BaseClass" name="@BeforeTest setup" time="0.0">
    <ignored/>
  </testcase> <!-- @BeforeTest setup -->
  <testcase classname="testCases.BaseClass" name="@BeforeTest setup" time="0.0">
    <ignored/>
  </testcase> <!-- @BeforeTest setup -->
  <testcase classname="testCases.BaseClass" name="@AfterTest tearDown" time="0.0">
    <ignored/>
  </testcase> <!-- @AfterTest tearDown -->
  <testcase classname="testCases.BaseClass" name="@AfterTest tearDown" time="0.0">
    <ignored/>
  </testcase> <!-- @AfterTest tearDown -->
</testsuite> <!-- Test -->
