<?xml version="1.0" encoding="UTF-8"?>
<!-- Generated by org.testng.reporters.JUnitXMLReporter -->
<testsuite ignored="4" hostname="LTIN186656" failures="0" tests="8" name="Test" time="99.464" errors="0" timestamp="2024-02-25T13:05:22 IST">
  <testcase classname="testCases.TestCase_001_StudentInsuranceNavigation" name="VerifyInsurance" time="36.378"/>
  <testcase classname="testCases.TestCase_001_StudentInsuranceNavigation" name="GetInsurancePlans" time="1.246"/>
  <testcase classname="testCases.TestCase_002_CarInsurance" name="NavigatingBack" time="6.596"/>
  <testcase classname="testCases.TestCase_002_CarInsurance" name="CarInsurancePage" time="23.737"/>
  <testcase classname="testCases.TestCase_002_CarInsurance" name="displayErrorMessage" time="8.628"/>
  <testcase classname="testCases.TestCase_003_HealthInsurance" name="NavigateHome" time="2.161"/>
  <testcase classname="testCases.TestCase_003_HealthInsurance" name="HealthInsurancePage" time="0.157"/>
  <testcase classname="testCases.TestCase_003_HealthInsurance" name="DisplayList" time="0.732"/>
  <testcase classname="testCases.BaseClass" name="@BeforeTest setup" time="0.0">
    <ignored/>
  </testcase> <!-- @BeforeTest setup -->
  <testcase classname="testCases.BaseClass" name="@BeforeTest setup" time="0.0">
    <ignored/>
  </testcase> <!-- @BeforeTest setup -->
  <testcase classname="testCases.BaseClass" name="@AfterTest tearDown" time="0.0">
    <ignored/>
  </testcase> <!-- @AfterTest tearDown -->
  <testcase classname="testCases.BaseClass" name="@AfterTest tearDown" time="0.0">
    <ignored/>
  </testcase> <!-- @AfterTest tearDown -->
</testsuite> <!-- Test -->
