<?xml version="1.0" encoding="UTF-8"?>
<!-- Generated by org.testng.reporters.JUnitXMLReporter -->
<testsuite ignored="4" hostname="LTIN186656" failures="0" tests="8" name="Test" time="83.515" errors="0" timestamp="2024-02-25T21:34:24 IST">
  <testcase classname="testCases.TestCase_001_StudentInsuranceNavigation" name="VerifyInsurance" time="35.481"/>
  <testcase classname="testCases.TestCase_001_StudentInsuranceNavigation" name="GetInsurancePlans" time="1.172"/>
  <testcase classname="testCases.TestCase_002_CarInsurance" name="NavigatingBack" time="1.678"/>
  <testcase classname="testCases.TestCase_002_CarInsurance" name="CarInsurancePage" time="21.98"/>
  <testcase classname="testCases.TestCase_002_CarInsurance" name="displayErrorMessage" time="8.577"/>
  <testcase classname="testCases.TestCase_003_HealthInsurance" name="NavigateHome" time="2.11"/>
  <testcase classname="testCases.TestCase_003_HealthInsurance" name="HealthInsurancePage" time="0.088"/>
  <testcase classname="testCases.TestCase_003_HealthInsurance" name="DisplayList" time="0.391"/>
  <testcase classname="testCases.BaseClass" name="@AfterTest tearDown" time="0.0">
    <ignored/>
  </testcase> <!-- @AfterTest tearDown -->
  <testcase classname="testCases.BaseClass" name="@BeforeTest setup" time="0.0">
    <ignored/>
  </testcase> <!-- @BeforeTest setup -->
  <testcase classname="testCases.BaseClass" name="@AfterTest tearDown" time="0.0">
    <ignored/>
  </testcase> <!-- @AfterTest tearDown -->
  <testcase classname="testCases.BaseClass" name="@BeforeTest setup" time="0.0">
    <ignored/>
  </testcase> <!-- @BeforeTest setup -->
</testsuite> <!-- Test -->
