<?xml version="1.0" encoding="UTF-8"?>
<!-- Generated by org.testng.reporters.JUnitXMLReporter -->
<testsuite ignored="4" hostname="LTIN186656" failures="0" tests="8" name="Test" time="82.965" errors="0" timestamp="2024-02-25T22:06:51 IST">
  <testcase classname="testCases.TestCase_001_StudentInsuranceNavigation" name="VerifyInsurance" time="31.887"/>
  <testcase classname="testCases.TestCase_001_StudentInsuranceNavigation" name="GetInsurancePlans" time="1.17"/>
  <testcase classname="testCases.TestCase_002_CarInsurance" name="NavigatingBack" time="2.244"/>
  <testcase classname="testCases.TestCase_002_CarInsurance" name="CarInsurancePage" time="22.074"/>
  <testcase classname="testCases.TestCase_002_CarInsurance" name="displayErrorMessage" time="8.679"/>
  <testcase classname="testCases.TestCase_003_HealthInsurance" name="NavigateHome" time="1.723"/>
  <testcase classname="testCases.TestCase_003_HealthInsurance" name="HealthInsurancePage" time="0.102"/>
  <testcase classname="testCases.TestCase_003_HealthInsurance" name="DisplayList" time="0.479"/>
  <testcase classname="testCases.BaseClass" name="@AfterTest tearDown" time="0.0">
    <ignored/>
  </testcase> <!-- @AfterTest tearDown -->
  <testcase classname="testCases.BaseClass" name="@BeforeTest setup" time="0.0">
    <ignored/>
  </testcase> <!-- @BeforeTest setup -->
  <testcase classname="testCases.BaseClass" name="@AfterTest tearDown" time="0.0">
    <ignored/>
  </testcase> <!-- @AfterTest tearDown -->
  <testcase classname="testCases.BaseClass" name="@BeforeTest setup" time="0.0">
    <ignored/>
  </testcase> <!-- @BeforeTest setup -->
</testsuite> <!-- Test -->
