<?xml version="1.0" encoding="UTF-8"?>
<testng-results ignored="0" total="8" passed="8" failed="0" skipped="0">
  <reporter-output>
  </reporter-output>
  <suite started-at="2024-02-25T21:33:00 IST" name="Suite" finished-at="2024-02-25T21:34:23 IST" duration-ms="83515">
    <groups>
    </groups>
    <test started-at="2024-02-25T21:33:00 IST" name="Test" finished-at="2024-02-25T21:34:23 IST" duration-ms="83515">
      <class name="testCases.TestCase_001_StudentInsuranceNavigation">
        <test-method is-config="true" signature="setup(java.lang.String,java.lang.String)[pri:0, instance:testCases.TestCase_001_StudentInsuranceNavigation@18078bef]" started-at="2024-02-25T21:33:00 IST" name="setup" finished-at="2024-02-25T21:33:10 IST" duration-ms="9621" status="PASS">
          <params>
            <param index="0">
              <value>
                <![CDATA[Windows]]>
              </value>
            </param>
            <param index="1">
              <value>
                <![CDATA[chrome]]>
              </value>
            </param>
          </params>
          <reporter-output>
          </reporter-output>
        </test-method> <!-- setup -->
        <test-method signature="VerifyInsurance()[pri:1, instance:testCases.TestCase_001_StudentInsuranceNavigation@18078bef]" started-at="2024-02-25T21:33:10 IST" name="VerifyInsurance" finished-at="2024-02-25T21:33:45 IST" duration-ms="35481" status="PASS">
          <reporter-output>
          </reporter-output>
        </test-method> <!-- VerifyInsurance -->
        <test-method signature="GetInsurancePlans()[pri:2, instance:testCases.TestCase_001_StudentInsuranceNavigation@18078bef]" started-at="2024-02-25T21:33:45 IST" name="GetInsurancePlans" finished-at="2024-02-25T21:33:47 IST" duration-ms="1172" status="PASS">
          <reporter-output>
          </reporter-output>
        </test-method> <!-- GetInsurancePlans -->
        <test-method is-config="true" signature="tearDown()[pri:0, instance:testCases.TestCase_001_StudentInsuranceNavigation@18078bef]" started-at="2024-02-25T21:34:23 IST" name="tearDown" finished-at="2024-02-25T21:34:23 IST" duration-ms="168" status="PASS">
          <reporter-output>
          </reporter-output>
        </test-method> <!-- tearDown -->
      </class> <!-- testCases.TestCase_001_StudentInsuranceNavigation -->
      <class name="testCases.TestCase_003_HealthInsurance">
        <test-method signature="NavigateHome()[pri:6, instance:testCases.TestCase_003_HealthInsurance@31304f14]" started-at="2024-02-25T21:34:20 IST" name="NavigateHome" finished-at="2024-02-25T21:34:22 IST" duration-ms="2110" status="PASS">
          <reporter-output>
          </reporter-output>
        </test-method> <!-- NavigateHome -->
        <test-method signature="HealthInsurancePage()[pri:7, instance:testCases.TestCase_003_HealthInsurance@31304f14]" started-at="2024-02-25T21:34:22 IST" name="HealthInsurancePage" finished-at="2024-02-25T21:34:22 IST" duration-ms="88" status="PASS">
          <reporter-output>
          </reporter-output>
        </test-method> <!-- HealthInsurancePage -->
        <test-method signature="DisplayList()[pri:8, instance:testCases.TestCase_003_HealthInsurance@31304f14]" started-at="2024-02-25T21:34:22 IST" name="DisplayList" finished-at="2024-02-25T21:34:23 IST" duration-ms="391" status="PASS">
          <reporter-output>
          </reporter-output>
        </test-method> <!-- DisplayList -->
      </class> <!-- testCases.TestCase_003_HealthInsurance -->
      <class name="testCases.TestCase_002_CarInsurance">
        <test-method signature="NavigatingBack()[pri:3, instance:testCases.TestCase_002_CarInsurance@6302bbb1]" started-at="2024-02-25T21:33:47 IST" name="NavigatingBack" finished-at="2024-02-25T21:33:48 IST" duration-ms="1678" status="PASS">
          <reporter-output>
          </reporter-output>
        </test-method> <!-- NavigatingBack -->
        <test-method signature="CarInsurancePage()[pri:4, instance:testCases.TestCase_002_CarInsurance@6302bbb1]" started-at="2024-02-25T21:33:49 IST" name="CarInsurancePage" finished-at="2024-02-25T21:34:11 IST" duration-ms="21980" status="PASS">
          <reporter-output>
          </reporter-output>
        </test-method> <!-- CarInsurancePage -->
        <test-method signature="displayErrorMessage()[pri:5, instance:testCases.TestCase_002_CarInsurance@6302bbb1]" started-at="2024-02-25T21:34:11 IST" name="displayErrorMessage" finished-at="2024-02-25T21:34:19 IST" duration-ms="8577" status="PASS">
          <reporter-output>
          </reporter-output>
        </test-method> <!-- displayErrorMessage -->
      </class> <!-- testCases.TestCase_002_CarInsurance -->
    </test> <!-- Test -->
  </suite> <!-- Suite -->
</testng-results>
