<?xml version="1.0" encoding="UTF-8"?>
<testng-results ignored="4" total="12" passed="8" failed="0" skipped="0">
  <reporter-output>
  </reporter-output>
  <suite started-at="2024-02-25T13:03:43 IST" name="Suite" finished-at="2024-02-25T13:05:22 IST" duration-ms="99464">
    <groups>
    </groups>
    <test started-at="2024-02-25T13:03:43 IST" name="Test" finished-at="2024-02-25T13:05:22 IST" duration-ms="99464">
      <class name="testCases.TestCase_001_StudentInsuranceNavigation">
        <test-method is-config="true" signature="setup(java.lang.String,java.lang.String)[pri:0, instance:testCases.TestCase_001_StudentInsuranceNavigation@245b4bdc]" started-at="2024-02-25T13:03:43 IST" name="setup" finished-at="2024-02-25T13:04:00 IST" duration-ms="17146" status="PASS">
          <params>
            <param index="0">
              <value>
                <![CDATA[Windows]]>
              </value>
            </param>
            <param index="1">
              <value>
                <![CDATA[chrome]]>
              </value>
            </param>
          </params>
          <reporter-output>
          </reporter-output>
        </test-method> <!-- setup -->
        <test-method signature="VerifyInsurance()[pri:1, instance:testCases.TestCase_001_StudentInsuranceNavigation@245b4bdc]" started-at="2024-02-25T13:04:00 IST" name="VerifyInsurance" finished-at="2024-02-25T13:04:37 IST" duration-ms="36378" status="PASS">
          <reporter-output>
          </reporter-output>
        </test-method> <!-- VerifyInsurance -->
        <test-method signature="GetInsurancePlans()[pri:2, instance:testCases.TestCase_001_StudentInsuranceNavigation@245b4bdc]" started-at="2024-02-25T13:04:37 IST" name="GetInsurancePlans" finished-at="2024-02-25T13:04:38 IST" duration-ms="1246" status="PASS">
          <reporter-output>
          </reporter-output>
        </test-method> <!-- GetInsurancePlans -->
        <test-method is-config="true" signature="tearDown()[pri:0, instance:testCases.TestCase_001_StudentInsuranceNavigation@245b4bdc]" started-at="2024-02-25T13:05:22 IST" name="tearDown" finished-at="2024-02-25T13:05:22 IST" duration-ms="328" status="PASS">
          <reporter-output>
          </reporter-output>
        </test-method> <!-- tearDown -->
      </class> <!-- testCases.TestCase_001_StudentInsuranceNavigation -->
      <class name="testCases.TestCase_003_HealthInsurance">
        <test-method signature="NavigateHome()[pri:6, instance:testCases.TestCase_003_HealthInsurance@478190fc]" started-at="2024-02-25T13:05:18 IST" name="NavigateHome" finished-at="2024-02-25T13:05:20 IST" duration-ms="2161" status="PASS">
          <reporter-output>
          </reporter-output>
        </test-method> <!-- NavigateHome -->
        <test-method signature="HealthInsurancePage()[pri:7, instance:testCases.TestCase_003_HealthInsurance@478190fc]" started-at="2024-02-25T13:05:21 IST" name="HealthInsurancePage" finished-at="2024-02-25T13:05:21 IST" duration-ms="157" status="PASS">
          <reporter-output>
          </reporter-output>
        </test-method> <!-- HealthInsurancePage -->
        <test-method signature="DisplayList()[pri:8, instance:testCases.TestCase_003_HealthInsurance@478190fc]" started-at="2024-02-25T13:05:21 IST" name="DisplayList" finished-at="2024-02-25T13:05:22 IST" duration-ms="732" status="PASS">
          <reporter-output>
          </reporter-output>
        </test-method> <!-- DisplayList -->
      </class> <!-- testCases.TestCase_003_HealthInsurance -->
      <class name="testCases.TestCase_002_CarInsurance">
        <test-method signature="NavigatingBack()[pri:3, instance:testCases.TestCase_002_CarInsurance@2d7275fc]" started-at="2024-02-25T13:04:38 IST" name="NavigatingBack" finished-at="2024-02-25T13:04:45 IST" duration-ms="6596" status="PASS">
          <reporter-output>
          </reporter-output>
        </test-method> <!-- NavigatingBack -->
        <test-method signature="CarInsurancePage()[pri:4, instance:testCases.TestCase_002_CarInsurance@2d7275fc]" started-at="2024-02-25T13:04:45 IST" name="CarInsurancePage" finished-at="2024-02-25T13:05:09 IST" duration-ms="23737" status="PASS">
          <reporter-output>
          </reporter-output>
        </test-method> <!-- CarInsurancePage -->
        <test-method signature="displayErrorMessage()[pri:5, instance:testCases.TestCase_002_CarInsurance@2d7275fc]" started-at="2024-02-25T13:05:09 IST" name="displayErrorMessage" finished-at="2024-02-25T13:05:18 IST" duration-ms="8628" status="PASS">
          <reporter-output>
          </reporter-output>
        </test-method> <!-- displayErrorMessage -->
      </class> <!-- testCases.TestCase_002_CarInsurance -->
    </test> <!-- Test -->
  </suite> <!-- Suite -->
</testng-results>
